d:\code trunk\lnu_srad_exp\design\stock\stock\debug\stock.pch
d:\code trunk\lnu_srad_exp\design\stock\stock\debug\vc141.pdb
d:\code trunk\lnu_srad_exp\design\stock\stock\debug\vc141.idb
d:\code trunk\lnu_srad_exp\design\stock\stock\debug\stdafx.obj
d:\code trunk\lnu_srad_exp\design\stock\stock\debug\stockdlg.obj
d:\code trunk\lnu_srad_exp\design\stock\stock\debug\stock.obj
d:\code trunk\lnu_srad_exp\design\stock\stock\debug\databasemgr.obj
d:\code trunk\lnu_srad_exp\design\stock\stock\debug\stock.res
d:\code trunk\lnu_srad_exp\design\stock\stock\debug\msado15.tli
d:\code trunk\lnu_srad_exp\design\stock\stock\debug\msado15.tlh
d:\code trunk\lnu_srad_exp\design\stock\debug\stock.pdb
d:\code trunk\lnu_srad_exp\design\stock\stock\debug\stock.tlog\cl.command.1.tlog
d:\code trunk\lnu_srad_exp\design\stock\stock\debug\stock.tlog\cl.read.1.tlog
d:\code trunk\lnu_srad_exp\design\stock\stock\debug\stock.tlog\cl.write.1.tlog
d:\code trunk\lnu_srad_exp\design\stock\stock\debug\stock.tlog\link-cvtres.read.1.tlog
d:\code trunk\lnu_srad_exp\design\stock\stock\debug\stock.tlog\link-cvtres.write.1.tlog
d:\code trunk\lnu_srad_exp\design\stock\stock\debug\stock.tlog\link-mt.read.1.tlog
d:\code trunk\lnu_srad_exp\design\stock\stock\debug\stock.tlog\link-mt.write.1.tlog
d:\code trunk\lnu_srad_exp\design\stock\stock\debug\stock.tlog\link-rc.read.1.tlog
d:\code trunk\lnu_srad_exp\design\stock\stock\debug\stock.tlog\link-rc.write.1.tlog
d:\code trunk\lnu_srad_exp\design\stock\stock\debug\stock.tlog\link.command.1.tlog
d:\code trunk\lnu_srad_exp\design\stock\stock\debug\stock.tlog\link.read.1.tlog
d:\code trunk\lnu_srad_exp\design\stock\stock\debug\stock.tlog\link.write.1.tlog
d:\code trunk\lnu_srad_exp\design\stock\stock\debug\stock.tlog\rc.command.1.tlog
d:\code trunk\lnu_srad_exp\design\stock\stock\debug\stock.tlog\rc.read.1.tlog
d:\code trunk\lnu_srad_exp\design\stock\stock\debug\stock.tlog\rc.write.1.tlog
